2017-07-26 19:41:53 Exception: not exist Controller in E:\github\EZ\ez\core\Application.php:44
Stack trace:
#0 E:\github\EZ\ez\core\Ez.php(74): ez\core\Application->run()
#1 E:\github\EZ\example\web\index.php(22): ez\core\Ez::start()
#2 {main}
2017-07-26 19:41:53 Exception: not exist Controller in E:\github\EZ\ez\core\Application.php:44
Stack trace:
#0 E:\github\EZ\ez\core\Ez.php(74): ez\core\Application->run()
#1 E:\github\EZ\example\web\index.php(22): ez\core\Ez::start()
#2 {main}
2017-07-26 19:43:58 Exception: not exist Controller in E:\github\EZ\ez\core\Application.php:44
Stack trace:
#0 E:\github\EZ\ez\core\Ez.php(74): ez\core\Application->run()
#1 E:\github\EZ\example\web\index.php(22): ez\core\Ez::start()
#2 {main}
2017-07-26 19:43:59 Exception: not exist Controller in E:\github\EZ\ez\core\Application.php:44
Stack trace:
#0 E:\github\EZ\ez\core\Ez.php(74): ez\core\Application->run()
#1 E:\github\EZ\example\web\index.php(22): ez\core\Ez::start()
#2 {main}
2017-07-26 19:43:59 Exception: not exist Controller in E:\github\EZ\ez\core\Application.php:44
Stack trace:
#0 E:\github\EZ\ez\core\Ez.php(74): ez\core\Application->run()
#1 E:\github\EZ\example\web\index.php(22): ez\core\Ez::start()
#2 {main}
